<?xml version="1.0" encoding="UTF-8"?>
<!-- Generated by org.testng.reporters.JUnitReportReporter -->
<testsuite skipped="0" hostname="WL" name="ftnt.qa.autotest.ui.fortisiem.testcases.NewTest" tests="1" failures="0" timestamp="07 二月 2018 09:47:01 GMT" time="0.006" errors="0">
  <testcase name="f" time="0.006" classname="ftnt.qa.autotest.ui.fortisiem.testcases.NewTest"/>
</testsuite> <!-- ftnt.qa.autotest.ui.fortisiem.testcases.NewTest -->
