<?xml version="1.0" encoding="UTF-8"?>
<!-- Generated by org.testng.reporters.JUnitReportReporter -->
<testsuite skipped="4" hostname="WL" name="ftnt.qa.autotest.ui.framework.excel.ExportTest" tests="5" failures="0" timestamp="13 四月 2018 06:47:38 GMT" time="0.647" errors="0">
  <testcase name="export5" time="0.647" classname="ftnt.qa.autotest.ui.framework.excel.ExportTest"/>
  <testcase name="export4" classname="ftnt.qa.autotest.ui.framework.excel.ExportTest">
    <skipped/>
  </testcase> <!-- export4 -->
  <testcase name="export1" classname="ftnt.qa.autotest.ui.framework.excel.ExportTest">
    <skipped/>
  </testcase> <!-- export1 -->
  <testcase name="export3" classname="ftnt.qa.autotest.ui.framework.excel.ExportTest">
    <skipped/>
  </testcase> <!-- export3 -->
  <testcase name="export2" classname="ftnt.qa.autotest.ui.framework.excel.ExportTest">
    <skipped/>
  </testcase> <!-- export2 -->
</testsuite> <!-- ftnt.qa.autotest.ui.framework.excel.ExportTest -->
