<?xml version="1.0" encoding="UTF-8"?>
<!-- Generated by org.testng.reporters.JUnitReportReporter -->
<testsuite skipped="0" hostname="WL" name="ftnt.qa.autotest.ui.fortisiem.pageobject.testBase" tests="1" failures="0" timestamp="28 三月 2018 10:34:06 GMT" time="9.869" errors="0">
  <testcase name="function1" time="9.869" classname="ftnt.qa.autotest.ui.fortisiem.pageobject.testBase"/>
</testsuite> <!-- ftnt.qa.autotest.ui.fortisiem.pageobject.testBase -->
