<?xml version="1.0" encoding="UTF-8"?>
<!-- Generated by org.testng.reporters.JUnitReportReporter -->
<testsuite skipped="0" hostname="WL" name="ftnt.qa.autotest.ui.fortisiem.testcases.User" tests="1" failures="0" timestamp="24 四月 2018 09:26:10 GMT" time="35.047" errors="0">
  <testcase name="function1" time="35.047" classname="ftnt.qa.autotest.ui.fortisiem.testcases.User"/>
</testsuite> <!-- ftnt.qa.autotest.ui.fortisiem.testcases.User -->
