<?xml version="1.0" encoding="UTF-8"?>
<!-- Generated by org.testng.reporters.JUnitReportReporter -->
<testsuite skipped="0" hostname="WL" name="ftnt.qa.autotest.ui.framework.excel.CovertTest" tests="1" failures="0" timestamp="13 四月 2018 07:25:14 GMT" time="0.653" errors="0">
  <testcase name="test1" time="0.653" classname="ftnt.qa.autotest.ui.framework.excel.CovertTest"/>
</testsuite> <!-- ftnt.qa.autotest.ui.framework.excel.CovertTest -->
