<?xml version="1.0" encoding="UTF-8"?>
<!-- Generated by org.testng.reporters.JUnitReportReporter -->
<testsuite skipped="0" hostname="WL" name="ftnt.qa.autotest.ui.fortisiem.testcases.User" tests="1" failures="0" timestamp="27 四月 2018 04:03:01 GMT" time="21.403" errors="0">
  <testcase name="function1" time="21.403" classname="ftnt.qa.autotest.ui.fortisiem.testcases.User"/>
</testsuite> <!-- ftnt.qa.autotest.ui.fortisiem.testcases.User -->
