<?xml version="1.0" encoding="UTF-8"?>
<!-- Generated by org.testng.reporters.JUnitReportReporter -->
<testsuite skipped="0" hostname="WL" name="ftnt.qa.autotest.ui.fortisiem.testcases.Organization" tests="1" failures="0" timestamp="20 四月 2018 02:32:04 GMT" time="14.756" errors="0">
  <testcase name="function1" time="14.756" classname="ftnt.qa.autotest.ui.fortisiem.testcases.Organization"/>
</testsuite> <!-- ftnt.qa.autotest.ui.fortisiem.testcases.Organization -->
