<?xml version="1.0" encoding="UTF-8"?>
<!-- Generated by org.testng.reporters.JUnitReportReporter -->
<testsuite skipped="0" hostname="WL" name="ftnt.qa.autotest.ui.fortisiem.testcases.Credentials" tests="5" failures="0" timestamp="20 四月 2018 02:32:04 GMT" time="20.010" errors="0">
  <testcase name="test2" time="3.002" classname="ftnt.qa.autotest.ui.fortisiem.testcases.Credentials"/>
  <testcase name="test1" time="5.004" classname="ftnt.qa.autotest.ui.fortisiem.testcases.Credentials"/>
  <testcase name="test4" time="5.001" classname="ftnt.qa.autotest.ui.fortisiem.testcases.Credentials"/>
  <testcase name="test3" time="2.001" classname="ftnt.qa.autotest.ui.fortisiem.testcases.Credentials"/>
  <testcase name="test5" time="5.002" classname="ftnt.qa.autotest.ui.fortisiem.testcases.Credentials"/>
</testsuite> <!-- ftnt.qa.autotest.ui.fortisiem.testcases.Credentials -->
