<?xml version="1.0" encoding="UTF-8"?>
<!-- Generated by org.testng.reporters.JUnitReportReporter -->
<testsuite skipped="0" hostname="WL" name="ftnt.qa.autotest.ui.fortisiem.testcases.RegisterTest" tests="1" failures="0" timestamp="28 四月 2018 08:52:24 GMT" time="30.514" errors="0">
  <testcase name="getUUID" time="30.514" classname="ftnt.qa.autotest.ui.fortisiem.testcases.RegisterTest"/>
</testsuite> <!-- ftnt.qa.autotest.ui.fortisiem.testcases.RegisterTest -->
