<?xml version="1.0" encoding="UTF-8"?>
<!-- Generated by org.testng.reporters.JUnitReportReporter -->
<testsuite skipped="0" hostname="WL" name="ftnt.qa.autotest.ui.fortisiem.pageobject.testBase2" tests="1" failures="0" timestamp="13 四月 2018 08:14:29 GMT" time="38.162" errors="0">
  <testcase name="test1" time="38.162" classname="ftnt.qa.autotest.ui.fortisiem.pageobject.testBase2"/>
</testsuite> <!-- ftnt.qa.autotest.ui.fortisiem.pageobject.testBase2 -->
