<?xml version="1.0" encoding="UTF-8"?>
<!-- Generated by org.testng.reporters.JUnitReportReporter -->
<testsuite skipped="0" hostname="WL" name="ftnt.qa.autotest.ui.fortisiem.pageobject.testBase2" tests="1" failures="0" timestamp="16 四月 2018 05:57:27 GMT" time="17.224" errors="0">
  <testcase name="function1" time="17.224" classname="ftnt.qa.autotest.ui.fortisiem.pageobject.testBase2"/>
</testsuite> <!-- ftnt.qa.autotest.ui.fortisiem.pageobject.testBase2 -->
